This is pdfTeX, Version 3.14159265-2.6-1.40.19 (TeX Live 2018) (preloaded format=pdflatex 2018.5.25)  28 MAY 2018 22:50
entering extended mode
 restricted \write18 enabled.
 %&-line parsing enabled.
**memoireM2.tex
(./memoireM2.tex
LaTeX2e <2018-04-01> patch level 2
Babel <3.18> and hyphenation patterns for 84 language(s) loaded.
(/usr/local/texlive/2018/texmf-dist/tex/latex/base/report.cls
Document Class: report 2014/09/29 v1.4h Standard LaTeX document class
(/usr/local/texlive/2018/texmf-dist/tex/latex/base/size10.clo
File: size10.clo 2014/09/29 v1.4h Standard LaTeX file (size option)
)
\c@part=\count80
\c@chapter=\count81
\c@section=\count82
\c@subsection=\count83
\c@subsubsection=\count84
\c@paragraph=\count85
\c@subparagraph=\count86
\c@figure=\count87
\c@table=\count88
\abovecaptionskip=\skip41
\belowcaptionskip=\skip42
\bibindent=\dimen102
)
(/usr/local/texlive/2018/texmf-dist/tex/latex/geometry/geometry.sty
Package: geometry 2018/03/24 v5.7 Page Geometry

(/usr/local/texlive/2018/texmf-dist/tex/latex/graphics/keyval.sty
Package: keyval 2014/10/28 v1.15 key=value parser (DPC)
\KV@toks@=\toks14
)
(/usr/local/texlive/2018/texmf-dist/tex/generic/oberdiek/ifpdf.sty
Package: ifpdf 2017/03/15 v3.2 Provides the ifpdf switch
)
(/usr/local/texlive/2018/texmf-dist/tex/generic/oberdiek/ifvtex.sty
Package: ifvtex 2016/05/16 v1.6 Detect VTeX and its facilities (HO)
Package ifvtex Info: VTeX not detected.
)
(/usr/local/texlive/2018/texmf-dist/tex/generic/ifxetex/ifxetex.sty
Package: ifxetex 2010/09/12 v0.6 Provides ifxetex conditional
)
\Gm@cnth=\count89
\Gm@cntv=\count90
\c@Gm@tempcnt=\count91
\Gm@bindingoffset=\dimen103
\Gm@wd@mp=\dimen104
\Gm@odd@mp=\dimen105
\Gm@even@mp=\dimen106
\Gm@layoutwidth=\dimen107
\Gm@layoutheight=\dimen108
\Gm@layouthoffset=\dimen109
\Gm@layoutvoffset=\dimen110
\Gm@dimlist=\toks15
)
(/usr/local/texlive/2018/texmf-dist/tex/latex/tools/calc.sty
Package: calc 2017/05/25 v4.3 Infix arithmetic (KKT,FJ)
\calc@Acount=\count92
\calc@Bcount=\count93
\calc@Adimen=\dimen111
\calc@Bdimen=\dimen112
\calc@Askip=\skip43
\calc@Bskip=\skip44
LaTeX Info: Redefining \setlength on input line 80.
LaTeX Info: Redefining \addtolength on input line 81.
\calc@Ccount=\count94
\calc@Cskip=\skip45
)
(/usr/local/texlive/2018/texmf-dist/tex/latex/base/inputenc.sty
Package: inputenc 2018/04/06 v1.3b Input encoding file
\inpenc@prehook=\toks16
\inpenc@posthook=\toks17
)
(/usr/local/texlive/2018/texmf-dist/tex/generic/babel/babel.sty
Package: babel 2018/02/14 3.18 The Babel package

(/usr/local/texlive/2018/texmf-dist/tex/generic/babel/switch.def
File: switch.def 2018/02/14 3.18 Babel switching mechanism
)
(/usr/local/texlive/2018/texmf-dist/tex/generic/babel-french/french.ldf
Language: french 2018/03/25 v3.4c French support from the babel system

(/usr/local/texlive/2018/texmf-dist/tex/generic/babel/babel.def
File: babel.def 2018/02/14 3.18 Babel common definitions
\babel@savecnt=\count95
\U@D=\dimen113

(/usr/local/texlive/2018/texmf-dist/tex/generic/babel/txtbabel.def)
\bbl@dirlevel=\count96
)
\l@acadian = a dialect from \language\l@french 
\FB@nonchar=\count97
Package babel Info: Making : an active character on input line 415.
Package babel Info: Making ; an active character on input line 416.
Package babel Info: Making ! an active character on input line 417.
Package babel Info: Making ? an active character on input line 418.
\FBguill@level=\count98
\FB@everypar=\toks18
\FB@Mht=\dimen114
\mc@charclass=\count99
\mc@charfam=\count100
\mc@charslot=\count101
\std@mcc=\count102
\dec@mcc=\count103
\c@FBcaption@count=\count104
\listindentFB=\skip46
\descindentFB=\skip47
\labelwidthFB=\skip48
\leftmarginFB=\skip49
\parindentFFN=\dimen115
\FBfnindent=\skip50
))
(/usr/local/texlive/2018/texmf-dist/tex/latex/carlisle/scalefnt.sty)
(/usr/local/texlive/2018/texmf-dist/tex/latex/lm/lmodern.sty
Package: lmodern 2009/10/30 v1.6 Latin Modern Fonts
LaTeX Font Info:    Overwriting symbol font `operators' in version `normal'
(Font)                  OT1/cmr/m/n --> OT1/lmr/m/n on input line 22.
LaTeX Font Info:    Overwriting symbol font `letters' in version `normal'
(Font)                  OML/cmm/m/it --> OML/lmm/m/it on input line 23.
LaTeX Font Info:    Overwriting symbol font `symbols' in version `normal'
(Font)                  OMS/cmsy/m/n --> OMS/lmsy/m/n on input line 24.
LaTeX Font Info:    Overwriting symbol font `largesymbols' in version `normal'
(Font)                  OMX/cmex/m/n --> OMX/lmex/m/n on input line 25.
LaTeX Font Info:    Overwriting symbol font `operators' in version `bold'
(Font)                  OT1/cmr/bx/n --> OT1/lmr/bx/n on input line 26.
LaTeX Font Info:    Overwriting symbol font `letters' in version `bold'
(Font)                  OML/cmm/b/it --> OML/lmm/b/it on input line 27.
LaTeX Font Info:    Overwriting symbol font `symbols' in version `bold'
(Font)                  OMS/cmsy/b/n --> OMS/lmsy/b/n on input line 28.
LaTeX Font Info:    Overwriting symbol font `largesymbols' in version `bold'
(Font)                  OMX/cmex/m/n --> OMX/lmex/m/n on input line 29.
LaTeX Font Info:    Overwriting math alphabet `\mathbf' in version `normal'
(Font)                  OT1/cmr/bx/n --> OT1/lmr/bx/n on input line 31.
LaTeX Font Info:    Overwriting math alphabet `\mathsf' in version `normal'
(Font)                  OT1/cmss/m/n --> OT1/lmss/m/n on input line 32.
LaTeX Font Info:    Overwriting math alphabet `\mathit' in version `normal'
(Font)                  OT1/cmr/m/it --> OT1/lmr/m/it on input line 33.
LaTeX Font Info:    Overwriting math alphabet `\mathtt' in version `normal'
(Font)                  OT1/cmtt/m/n --> OT1/lmtt/m/n on input line 34.
LaTeX Font Info:    Overwriting math alphabet `\mathbf' in version `bold'
(Font)                  OT1/cmr/bx/n --> OT1/lmr/bx/n on input line 35.
LaTeX Font Info:    Overwriting math alphabet `\mathsf' in version `bold'
(Font)                  OT1/cmss/bx/n --> OT1/lmss/bx/n on input line 36.
LaTeX Font Info:    Overwriting math alphabet `\mathit' in version `bold'
(Font)                  OT1/cmr/bx/it --> OT1/lmr/bx/it on input line 37.
LaTeX Font Info:    Overwriting math alphabet `\mathtt' in version `bold'
(Font)                  OT1/cmtt/m/n --> OT1/lmtt/m/n on input line 38.
)
(/usr/local/texlive/2018/texmf-dist/tex/latex/base/fontenc.sty
Package: fontenc 2017/04/05 v2.0i Standard LaTeX package

(/usr/local/texlive/2018/texmf-dist/tex/latex/base/t1enc.def
File: t1enc.def 2017/04/05 v2.0i Standard LaTeX file
LaTeX Font Info:    Redeclaring font encoding T1 on input line 48.
))
(/usr/local/texlive/2018/texmf-dist/tex/latex/graphics/graphicx.sty
Package: graphicx 2017/06/01 v1.1a Enhanced LaTeX Graphics (DPC,SPQR)

(/usr/local/texlive/2018/texmf-dist/tex/latex/graphics/graphics.sty
Package: graphics 2017/06/25 v1.2c Standard LaTeX Graphics (DPC,SPQR)

(/usr/local/texlive/2018/texmf-dist/tex/latex/graphics/trig.sty
Package: trig 2016/01/03 v1.10 sin cos tan (DPC)
)
(/usr/local/texlive/2018/texmf-dist/tex/latex/graphics-cfg/graphics.cfg
File: graphics.cfg 2016/06/04 v1.11 sample graphics configuration
)
Package graphics Info: Driver file: pdftex.def on input line 99.

(/usr/local/texlive/2018/texmf-dist/tex/latex/graphics-def/pdftex.def
File: pdftex.def 2018/01/08 v1.0l Graphics/color driver for pdftex
))
\Gin@req@height=\dimen116
\Gin@req@width=\dimen117
)
(/usr/local/texlive/2018/texmf-dist/tex/latex/graphics/color.sty
Package: color 2016/07/10 v1.1e Standard LaTeX Color (DPC)

(/usr/local/texlive/2018/texmf-dist/tex/latex/graphics-cfg/color.cfg
File: color.cfg 2016/01/02 v1.6 sample color configuration
)
Package color Info: Driver file: pdftex.def on input line 147.
)
(/usr/local/texlive/2018/texmf-dist/tex/latex/fncychap/fncychap.sty
Package: fncychap 2007/07/30 v1.34 LaTeX package (Revised chapters)
\RW=\skip51
\mylen=\skip52
\myhi=\skip53
\px=\skip54
\py=\skip55
\pyy=\skip56
\pxx=\skip57
\backskip=\skip58
)
(/usr/local/texlive/2018/texmf-dist/tex/generic/xypic/xy.sty
(/usr/local/texlive/2018/texmf-dist/tex/generic/xypic/xy.tex Bootstrap'ing:
catcodes, docmode,
(/usr/local/texlive/2018/texmf-dist/tex/generic/xypic/xyrecat.tex)
(/usr/local/texlive/2018/texmf-dist/tex/generic/xypic/xyidioms.tex)

 Xy-pic version 3.8.9 <2013/10/06>
 Copyright (c) 1991-2013 by Kristoffer H. Rose <krisrose@tug.org> and others
 Xy-pic is free software: see the User's Guide for details.

Loading kernel: messages; fonts; allocations: state,
\X@c=\dimen118
\Y@c=\dimen119
\U@c=\dimen120
\D@c=\dimen121
\L@c=\dimen122
\R@c=\dimen123
\Edge@c=\toks19
\X@p=\dimen124
\Y@p=\dimen125
\U@p=\dimen126
\D@p=\dimen127
\L@p=\dimen128
\R@p=\dimen129
\Edge@p=\toks20
\X@origin=\dimen130
\Y@origin=\dimen131
\X@xbase=\dimen132
\Y@xbase=\dimen133
\X@ybase=\dimen134
\Y@ybase=\dimen135
\X@min=\dimen136
\Y@min=\dimen137
\X@max=\dimen138
\Y@max=\dimen139
\lastobjectbox@=\box26
\zerodotbox@=\box27
\almostz@=\dimen140
 direction,
\d@X=\dimen141
\d@Y=\dimen142
\K@=\count105
\KK@=\count106
\Direction=\count107
\K@dXdY=\dimen143
\K@dYdX=\dimen144
\xyread@=\read1
\xywrite@=\write3
\csp@=\count108
\quotPTK@=\dimen145

utility macros; pictures: \xy, positions,
\swaptoks@@=\toks21
\connectobjectbox@@=\box28
 objects,
\styletoks@=\toks22
 decorations;
kernel objects: directionals, circles, text; options; algorithms: directions,
edges, connections;  Xy-pic loaded)
Package: xy 2013/10/06 Xy-pic version 3.8.9

(/usr/local/texlive/2018/texmf-dist/tex/generic/xypic/xyall.tex
 Xy-pic option: All features v.3.8
(/usr/local/texlive/2018/texmf-dist/tex/generic/xypic/xycurve.tex
 Xy-pic option: Curve and Spline extension v.3.12 curve,
\crv@cnt@=\count109
\crvpts@=\toks23
\splinebox@=\box29
\splineval@=\dimen146
\splinedepth@=\dimen147
\splinetol@=\dimen148
\splinelength@=\dimen149
 circles,
\L@=\dimen150
 loaded)
(/usr/local/texlive/2018/texmf-dist/tex/generic/xypic/xyframe.tex
 Xy-pic option: Frame and Bracket extension v.3.14 loaded)
(/usr/local/texlive/2018/texmf-dist/tex/generic/xypic/xycmtip.tex
 Xy-pic option: Computer Modern tip extension v.3.7
(/usr/local/texlive/2018/texmf-dist/tex/generic/xypic/xytips.tex
 Xy-pic option: More Tips extension v.3.11 loaded) loaded)
(/usr/local/texlive/2018/texmf-dist/tex/generic/xypic/xyline.tex
 Xy-pic option: Line styles extension v.3.10
\xylinethick@=\dimen151
 loaded)
(/usr/local/texlive/2018/texmf-dist/tex/generic/xypic/xyrotate.tex
 Xy-pic option: Rotate and Scale extension v.3.8 loaded)
(/usr/local/texlive/2018/texmf-dist/tex/generic/xypic/xycolor.tex
 Xy-pic option: Colour extension v.3.11 loaded)
(/usr/local/texlive/2018/texmf-dist/tex/generic/xypic/xymatrix.tex
 Xy-pic option: Matrix feature v.3.14
\Row=\count110
\Col=\count111
\queue@=\toks24
\queue@@=\toks25
\qcount@=\count112
\qcount@@=\count113
\matrixsize@=\count114
 loaded)
(/usr/local/texlive/2018/texmf-dist/tex/generic/xypic/xyarrow.tex
 Xy-pic option: Arrow and Path feature v.3.9 path, \ar, loaded)
(/usr/local/texlive/2018/texmf-dist/tex/generic/xypic/xygraph.tex
 Xy-pic option: Graph feature v.3.11 loaded) loaded)
(/usr/local/texlive/2018/texmf-dist/tex/generic/xypic/xypdf.tex
 Xy-pic option: PDF driver v.1.7 Xy-pic pdf driver: `color' extension support
(/usr/local/texlive/2018/texmf-dist/tex/generic/xypic/xypdf-co.tex loaded)
Xy-pic pdf driver: `curve' extension support
(/usr/local/texlive/2018/texmf-dist/tex/generic/xypic/xypdf-cu.tex loaded)
Xy-pic pdf driver: `frame' extension support
(/usr/local/texlive/2018/texmf-dist/tex/generic/xypic/xypdf-fr.tex loaded)
Xy-pic pdf driver: `line' extension support
(/usr/local/texlive/2018/texmf-dist/tex/generic/xypic/xypdf-li.tex loaded)
Xy-pic pdf driver: `rotate' extension support
(/usr/local/texlive/2018/texmf-dist/tex/generic/xypic/xypdf-ro.tex loaded)
loaded)) (/usr/local/texlive/2018/texmf-dist/tex/latex/amsmath/amsmath.sty
Package: amsmath 2017/09/02 v2.17a AMS math features
\@mathmargin=\skip59

For additional information on amsmath, use the `?' option.
(/usr/local/texlive/2018/texmf-dist/tex/latex/amsmath/amstext.sty
Package: amstext 2000/06/29 v2.01 AMS text

(/usr/local/texlive/2018/texmf-dist/tex/latex/amsmath/amsgen.sty
File: amsgen.sty 1999/11/30 v2.0 generic functions
\@emptytoks=\toks26
\ex@=\dimen152
))
(/usr/local/texlive/2018/texmf-dist/tex/latex/amsmath/amsbsy.sty
Package: amsbsy 1999/11/29 v1.2d Bold Symbols
\pmbraise@=\dimen153
)
(/usr/local/texlive/2018/texmf-dist/tex/latex/amsmath/amsopn.sty
Package: amsopn 2016/03/08 v2.02 operator names
)
\inf@bad=\count115
LaTeX Info: Redefining \frac on input line 213.
\uproot@=\count116
\leftroot@=\count117
LaTeX Info: Redefining \overline on input line 375.
\classnum@=\count118
\DOTSCASE@=\count119
LaTeX Info: Redefining \ldots on input line 472.
LaTeX Info: Redefining \dots on input line 475.
LaTeX Info: Redefining \cdots on input line 596.
\Mathstrutbox@=\box30
\strutbox@=\box31
\big@size=\dimen154
LaTeX Font Info:    Redeclaring font encoding OML on input line 712.
LaTeX Font Info:    Redeclaring font encoding OMS on input line 713.
\macc@depth=\count120
\c@MaxMatrixCols=\count121
\dotsspace@=\muskip10
\c@parentequation=\count122
\dspbrk@lvl=\count123
\tag@help=\toks27
\row@=\count124
\column@=\count125
\maxfields@=\count126
\andhelp@=\toks28
\eqnshift@=\dimen155
\alignsep@=\dimen156
\tagshift@=\dimen157
\tagwidth@=\dimen158
\totwidth@=\dimen159
\lineht@=\dimen160
\@envbody=\toks29
\multlinegap=\skip60
\multlinetaggap=\skip61
\mathdisplay@stack=\toks30
LaTeX Info: Redefining \[ on input line 2817.
LaTeX Info: Redefining \] on input line 2818.
)
(/usr/local/texlive/2018/texmf-dist/tex/latex/base/latexsym.sty
Package: latexsym 1998/08/17 v2.2e Standard LaTeX package (lasy symbols)
\symlasy=\mathgroup4
LaTeX Font Info:    Overwriting symbol font `lasy' in version `bold'
(Font)                  U/lasy/m/n --> U/lasy/b/n on input line 52.
)
(/usr/local/texlive/2018/texmf-dist/tex/latex/amsfonts/amsfonts.sty
Package: amsfonts 2013/01/14 v3.01 Basic AMSFonts support
\symAMSa=\mathgroup5
\symAMSb=\mathgroup6
LaTeX Font Info:    Overwriting math alphabet `\mathfrak' in version `bold'
(Font)                  U/euf/m/n --> U/euf/b/n on input line 106.
)
(/usr/local/texlive/2018/texmf-dist/tex/latex/amsfonts/amssymb.sty
Package: amssymb 2013/01/14 v3.01 AMS font symbols
)
(/usr/local/texlive/2018/texmf-dist/tex/latex/fancybox/fancybox.sty
Package: fancybox 2010/05/15 1.4

Style option: `fancybox' v1.4 <2010/05/15> (tvz)
\@fancybox=\box32
\shadowsize=\dimen161
\@Sbox=\box33
\do@VerbBox=\toks31
\the@fancyput=\toks32
\this@fancyput=\toks33
\EndVerbatimTokens=\toks34
\Verbatim@Outfile=\write4
\Verbatim@Infile=\read2
) (/usr/local/texlive/2018/texmf-dist/tex/latex/colortbl/colortbl.sty
Package: colortbl 2012/02/13 v1.0a Color table columns (DPC)

(/usr/local/texlive/2018/texmf-dist/tex/latex/tools/array.sty
Package: array 2018/04/07 v2.4g Tabular extension package (FMi)
\col@sep=\dimen162
\ar@mcellbox=\box34
\extrarowheight=\dimen163
\NC@list=\toks35
\extratabsurround=\skip62
\backup@length=\skip63
\ar@cellbox=\box35
)
\everycr=\toks36
\minrowclearance=\skip64
)
(/usr/local/texlive/2018/texmf-dist/tex/latex/fancyhdr/fancyhdr.sty
Package: fancyhdr 2017/06/30 v3.9a Extensive control of page headers and footer
s
\f@nch@headwidth=\skip65
\f@nch@O@elh=\skip66
\f@nch@O@erh=\skip67
\f@nch@O@olh=\skip68
\f@nch@O@orh=\skip69
\f@nch@O@elf=\skip70
\f@nch@O@erf=\skip71
\f@nch@O@olf=\skip72
\f@nch@O@orf=\skip73
)

Package Fancyhdr Warning: \fancyheadoffset's `E' option without twoside option 
is useless on input line 33.


Package Fancyhdr Warning: \fancyhead's `E' option without twoside option is use
less on input line 37.

(/usr/local/texlive/2018/texmf-dist/tex/latex/base/newlfont.sty
Package: newlfont 1998/08/17 v2.2m Standard LaTeX package
LaTeX Info: Redefining \em on input line 57.
)

LaTeX Warning: Unused global option(s):
    [14pt].

(./memoireM2.aux)
\openout1 = `memoireM2.aux'.

LaTeX Font Info:    Checking defaults for OML/cmm/m/it on input line 53.
LaTeX Font Info:    ... okay on input line 53.
LaTeX Font Info:    Checking defaults for T1/cmr/m/n on input line 53.
LaTeX Font Info:    ... okay on input line 53.
LaTeX Font Info:    Checking defaults for OT1/cmr/m/n on input line 53.
LaTeX Font Info:    ... okay on input line 53.
LaTeX Font Info:    Checking defaults for OMS/cmsy/m/n on input line 53.
LaTeX Font Info:    ... okay on input line 53.
LaTeX Font Info:    Checking defaults for OMX/cmex/m/n on input line 53.
LaTeX Font Info:    ... okay on input line 53.
LaTeX Font Info:    Checking defaults for U/cmr/m/n on input line 53.
LaTeX Font Info:    ... okay on input line 53.
LaTeX Font Info:    Try loading font information for T1+lmr on input line 53.
 (/usr/local/texlive/2018/texmf-dist/tex/latex/lm/t1lmr.fd
File: t1lmr.fd 2009/10/30 v1.6 Font defs for Latin Modern
)
*geometry* driver: auto-detecting
*geometry* detected driver: pdftex
*geometry* verbose mode - [ preamble ] result:
* driver: pdftex
* paper: a4paper
* layout: <same size as paper>
* layoutoffset:(h,v)=(0.0pt,0.0pt)
* modes: 
* h-part:(L,W,R)=(71.13188pt, 455.24411pt, 71.13188pt)
* v-part:(T,H,B)=(71.13188pt, 702.78308pt, 71.13188pt)
* \paperwidth=597.50787pt
* \paperheight=845.04684pt
* \textwidth=469.47046pt
* \textheight=654.41338pt
* \oddsidemargin=-1.1381pt
* \evensidemargin=-1.1381pt
* \topmargin=-38.1381pt
* \headheight=12.0pt
* \headsep=25.0pt
* \topskip=10.0pt
* \footskip=30.0pt
* \marginparwidth=65.0pt
* \marginparsep=11.0pt
* \columnsep=10.0pt
* \skip\footins=9.0pt plus 4.0pt minus 2.0pt
* \hoffset=-28.45274pt
* \voffset=-28.45274pt
* \mag=1000
* \@twocolumnfalse
* \@twosidefalse
* \@mparswitchfalse
* \@reversemarginfalse
* (1in=72.27pt=25.4mm, 1cm=28.453pt)

LaTeX Info: Redefining \degres on input line 53.
LaTeX Info: Redefining \dots on input line 53.
LaTeX Info: Redefining \up on input line 53.
(/usr/local/texlive/2018/texmf-dist/tex/context/base/mkii/supp-pdf.mkii
[Loading MPS to PDF converter (version 2006.09.02).]
\scratchcounter=\count127
\scratchdimen=\dimen164
\scratchbox=\box36
\nofMPsegments=\count128
\nofMParguments=\count129
\everyMPshowfont=\toks37
\MPscratchCnt=\count130
\MPscratchDim=\dimen165
\MPnumerator=\count131
\makeMPintoPDFobject=\count132
\everyMPtoPDFconversion=\toks38
) (/usr/local/texlive/2018/texmf-dist/tex/latex/oberdiek/epstopdf-base.sty
Package: epstopdf-base 2016/05/15 v2.6 Base part for package epstopdf

(/usr/local/texlive/2018/texmf-dist/tex/generic/oberdiek/infwarerr.sty
Package: infwarerr 2016/05/16 v1.4 Providing info/warning/error messages (HO)
)
(/usr/local/texlive/2018/texmf-dist/tex/latex/oberdiek/grfext.sty
Package: grfext 2016/05/16 v1.2 Manage graphics extensions (HO)

(/usr/local/texlive/2018/texmf-dist/tex/generic/oberdiek/kvdefinekeys.sty
Package: kvdefinekeys 2016/05/16 v1.4 Define keys (HO)

(/usr/local/texlive/2018/texmf-dist/tex/generic/oberdiek/ltxcmds.sty
Package: ltxcmds 2016/05/16 v1.23 LaTeX kernel commands for general use (HO)
)))
(/usr/local/texlive/2018/texmf-dist/tex/latex/oberdiek/kvoptions.sty
Package: kvoptions 2016/05/16 v3.12 Key value format for package options (HO)

(/usr/local/texlive/2018/texmf-dist/tex/generic/oberdiek/kvsetkeys.sty
Package: kvsetkeys 2016/05/16 v1.17 Key value parser (HO)

(/usr/local/texlive/2018/texmf-dist/tex/generic/oberdiek/etexcmds.sty
Package: etexcmds 2016/05/16 v1.6 Avoid name clashes with e-TeX commands (HO)

(/usr/local/texlive/2018/texmf-dist/tex/generic/oberdiek/ifluatex.sty
Package: ifluatex 2016/05/16 v1.4 Provides the ifluatex switch (HO)
Package ifluatex Info: LuaTeX not detected.
)
Package etexcmds Info: Could not find \expanded.
(etexcmds)             That can mean that you are not using pdfTeX 1.50 or
(etexcmds)             that some package has redefined \expanded.
(etexcmds)             In the latter case, load this package earlier.
)))
(/usr/local/texlive/2018/texmf-dist/tex/generic/oberdiek/pdftexcmds.sty
Package: pdftexcmds 2018/01/30 v0.27 Utility functions of pdfTeX for LuaTeX (HO
)
Package pdftexcmds Info: LuaTeX not detected.
Package pdftexcmds Info: \pdf@primitive is available.
Package pdftexcmds Info: \pdf@ifprimitive is available.
Package pdftexcmds Info: \pdfdraftmode found.
)
Package epstopdf-base Info: Redefining graphics rule for `.eps' on input line 4
38.
Package grfext Info: Graphics extension search list:
(grfext)             [.pdf,.png,.jpg,.mps,.jpeg,.jbig2,.jb2,.PDF,.PNG,.JPG,.JPE
G,.JBIG2,.JB2,.eps]
(grfext)             \AppendGraphicsExtensions on input line 456.

(/usr/local/texlive/2018/texmf-dist/tex/latex/latexconfig/epstopdf-sys.cfg
File: epstopdf-sys.cfg 2010/07/13 v1.3 Configuration of (r)epstopdf for TeX Liv
e
))
LaTeX Font Info:    Try loading font information for OT1+lmr on input line 53.

(/usr/local/texlive/2018/texmf-dist/tex/latex/lm/ot1lmr.fd
File: ot1lmr.fd 2009/10/30 v1.6 Font defs for Latin Modern
)
LaTeX Font Info:    Try loading font information for OML+lmm on input line 53.

(/usr/local/texlive/2018/texmf-dist/tex/latex/lm/omllmm.fd
File: omllmm.fd 2009/10/30 v1.6 Font defs for Latin Modern
)
LaTeX Font Info:    Try loading font information for OMS+lmsy on input line 53.


(/usr/local/texlive/2018/texmf-dist/tex/latex/lm/omslmsy.fd
File: omslmsy.fd 2009/10/30 v1.6 Font defs for Latin Modern
)
LaTeX Font Info:    Try loading font information for OMX+lmex on input line 53.


(/usr/local/texlive/2018/texmf-dist/tex/latex/lm/omxlmex.fd
File: omxlmex.fd 2009/10/30 v1.6 Font defs for Latin Modern
)
LaTeX Font Info:    External font `lmex10' loaded for size
(Font)              <10> on input line 53.
LaTeX Font Info:    External font `lmex10' loaded for size
(Font)              <7> on input line 53.
LaTeX Font Info:    External font `lmex10' loaded for size
(Font)              <5> on input line 53.
LaTeX Font Info:    Try loading font information for U+lasy on input line 53.

(/usr/local/texlive/2018/texmf-dist/tex/latex/base/ulasy.fd
File: ulasy.fd 1998/08/17 v2.2e LaTeX symbol font definitions
)
LaTeX Font Info:    Try loading font information for U+msa on input line 53.

(/usr/local/texlive/2018/texmf-dist/tex/latex/amsfonts/umsa.fd
File: umsa.fd 2013/01/14 v3.01 AMS symbols A
)
LaTeX Font Info:    Try loading font information for U+msb on input line 53.

(/usr/local/texlive/2018/texmf-dist/tex/latex/amsfonts/umsb.fd
File: umsb.fd 2013/01/14 v3.01 AMS symbols B
)
Package xypdf Info: Line width: 0.39998pt on input line 53.
 [1


{/usr/local/texlive/2018/texmf-var/fonts/map/pdftex/updmap/pdftex.map}] [2

] (./memoireM2.toc [3

])
\tf@toc=\write5
\openout5 = `memoireM2.toc'.



Package Fancyhdr Warning: \headheight is too small (12.0pt): 
 Make it at least 12.69002pt.
 We now make it that large for the rest of the document.
 This may cause the page layout to be inconsistent, however.

[4] [5

] [6

] [7

] (./memoireM2.lot)
\tf@lot=\write6
\openout6 = `memoireM2.lot'.

 [8

] (./memoireM2.lof)
\tf@lof=\write7
\openout7 = `memoireM2.lof'.

 [1

] [2

]
Chapitre 1.
LaTeX Font Info:    Try loading font information for T1+lmss on input line 101.

(/usr/local/texlive/2018/texmf-dist/tex/latex/lm/t1lmss.fd
File: t1lmss.fd 2009/10/30 v1.6 Font defs for Latin Modern
) [3

]
Chapitre 2.
<terminal.png, id=41, 584.1825pt x 483.8075pt>
File: terminal.png Graphic file (type png)
<use terminal.png>
Package pdftex.def Info: terminal.png  used on input line 131.
(pdftex.def)             Requested size: 328.62788pt x 272.17058pt.
[4

]
Underfull \hbox (badness 10000) in paragraph at lines 140--144

 []


Underfull \hbox (badness 10000) in paragraph at lines 148--149

 []

<arbregenea.png, id=46, 505.89pt x 344.78813pt>
File: arbregenea.png Graphic file (type png)
<use arbregenea.png>
Package pdftex.def Info: arbregenea.png  used on input line 186.
(pdftex.def)             Requested size: 328.62788pt x 223.97809pt.

Underfull \hbox (badness 10000) in paragraph at lines 156--190

 []

[5 <./terminal.png>]
Underfull \hbox (badness 10000) in paragraph at lines 193--194

 []

[6 <./arbregenea.png>]
Underfull \hbox (badness 10000) in paragraph at lines 206--209

 []

<arch.png, id=58, 200.24812pt x 406.51875pt>
File: arch.png Graphic file (type png)
<use arch.png>
Package pdftex.def Info: arch.png  used on input line 218.
(pdftex.def)             Requested size: 234.73523pt x 476.56166pt.
[7 <./arch.png>]
Underfull \hbox (badness 10000) in paragraph at lines 234--235

 []


Underfull \hbox (badness 10000) in paragraph at lines 239--241

 []

<rails.png, id=63, 864.98157pt x 519.44063pt>
File: rails.png Graphic file (type png)
<use rails.png>
Package pdftex.def Info: rails.png  used on input line 246.
(pdftex.def)             Requested size: 328.62788pt x 197.34985pt.
LaTeX Font Info:    Try loading font information for OMS+lmr on input line 262.

(/usr/local/texlive/2018/texmf-dist/tex/latex/lm/omslmr.fd
File: omslmr.fd 2009/10/30 v1.6 Font defs for Latin Modern
)
LaTeX Font Info:    Font shape `OMS/lmr/m/n' in size <10> not available
(Font)              Font shape `OMS/lmsy/m/n' tried instead on input line 262.
 [8 <./rails.png>]
<git.png, id=69, 859.71187pt x 319.1925pt>
File: git.png Graphic file (type png)
<use git.png>
Package pdftex.def Info: git.png  used on input line 297.
(pdftex.def)             Requested size: 328.62788pt x 122.01523pt.

Underfull \hbox (badness 10000) in paragraph at lines 310--311

 []


Underfull \hbox (badness 10000) in paragraph at lines 316--318

 []

[9 <./git.png>]
Underfull \hbox (badness 10000) in paragraph at lines 322--325

 []


Underfull \hbox (badness 10000) in paragraph at lines 326--329

 []


Underfull \hbox (badness 10000) in paragraph at lines 330--335

 []


Underfull \hbox (badness 10000) in paragraph at lines 336--339

 []

<mvc.jpeg, id=74, 301.125pt x 168.63pt>
File: mvc.jpeg Graphic file (type jpg)
<use mvc.jpeg>
Package pdftex.def Info: mvc.jpeg  used on input line 344.
(pdftex.def)             Requested size: 375.57779pt x 210.34439pt.

Underfull \hbox (badness 10000) in paragraph at lines 350--353

 []

[10 <./mvc.jpeg>]
Underfull \hbox (badness 10000) in paragraph at lines 354--357

 []


Underfull \hbox (badness 10000) in paragraph at lines 358--360

 []


Underfull \hbox (badness 10000) in paragraph at lines 361--365

 []


Underfull \hbox (badness 10000) in paragraph at lines 371--372

 []


Underfull \hbox (badness 10000) in paragraph at lines 375--376

 []


Underfull \hbox (badness 10000) in paragraph at lines 377--378

 []


Underfull \hbox (badness 10000) in paragraph at lines 379--380

 []


Underfull \hbox (badness 10000) in paragraph at lines 381--382

 []


Underfull \hbox (badness 10000) in paragraph at lines 383--385

 []


Underfull \hbox (badness 10000) in paragraph at lines 393--394

 []


Underfull \hbox (badness 10000) in paragraph at lines 397--399

 []


Underfull \hbox (badness 10000) in paragraph at lines 399--401

 []


Underfull \hbox (badness 10000) in paragraph at lines 402--403

 []


Underfull \hbox (badness 10000) in paragraph at lines 403--404

 []

[11]
Underfull \hbox (badness 10000) in paragraph at lines 414--419

 []


Underfull \hbox (badness 10000) in paragraph at lines 422--429

 []


Underfull \hbox (badness 10000) in paragraph at lines 432--437

 []


Underfull \hbox (badness 10000) in paragraph at lines 447--450

 []


Underfull \hbox (badness 10000) in paragraph at lines 451--454

 []


Underfull \hbox (badness 10000) in paragraph at lines 457--461

 []

[12]
Chapitre 3.

Underfull \hbox (badness 10000) in paragraph at lines 477--478

 []


Underfull \hbox (badness 10000) in paragraph at lines 483--484

 []


Underfull \hbox (badness 10000) in paragraph at lines 485--491

 []


Underfull \hbox (badness 10000) in paragraph at lines 494--495

 []

[13

]
Underfull \hbox (badness 10000) in paragraph at lines 514--517

 []


Underfull \hbox (badness 10000) in paragraph at lines 522--523

 []


Underfull \hbox (badness 10000) in paragraph at lines 525--526

 []


Overfull \hbox (285.44936pt too wide) in paragraph at lines 530--551
 [] 
 []


Underfull \hbox (badness 10000) in paragraph at lines 556--557

 []


Overfull \hbox (92.19987pt too wide) in paragraph at lines 561--578
 [] 
 []

[14]
Underfull \hbox (badness 10000) in paragraph at lines 583--584

 []


Overfull \hbox (92.83864pt too wide) in paragraph at lines 588--605
 [] 
 []


Underfull \hbox (badness 10000) in paragraph at lines 611--612

 []


Overfull \hbox (94.3114pt too wide) in paragraph at lines 616--635
 [] 
 []


Underfull \hbox (badness 10000) in paragraph at lines 640--641

 []


Overfull \hbox (22.0327pt too wide) in paragraph at lines 645--664
 [] 
 []


Underfull \hbox (badness 10000) in paragraph at lines 669--670

 []


LaTeX Warning: `h' float specifier changed to `ht'.

[15]
Overfull \hbox (5.4778pt too wide) in paragraph at lines 761--778
 [] 
 []


LaTeX Warning: `h' float specifier changed to `ht'.

[16]
Underfull \hbox (badness 10000) in paragraph at lines 784--785

 []


Overfull \hbox (146.19919pt too wide) in paragraph at lines 822--839
 [] 
 []

[17]
Underfull \hbox (badness 10000) in paragraph at lines 875--876

 []


Underfull \hbox (badness 10000) in paragraph at lines 879--880

 []


Overfull \hbox (104.69994pt too wide) in paragraph at lines 884--901
 [] 
 []


Underfull \hbox (badness 10000) in paragraph at lines 907--908

 []


Overfull \hbox (143.1715pt too wide) in paragraph at lines 913--930
 [] 
 []

[18]
Overfull \hbox (4.83879pt too wide) in paragraph at lines 942--959
 [] 
 []


Underfull \hbox (badness 10000) in paragraph at lines 964--965

 []


Underfull \hbox (badness 10000) in paragraph at lines 968--969

 []


Overfull \hbox (29.83983pt too wide) in paragraph at lines 973--990
 [] 
 []


Underfull \hbox (badness 10000) in paragraph at lines 996--997

 []


Overfull \hbox (141.4495pt too wide) in paragraph at lines 1002--1019
 [] 
 []


Underfull \hbox (badness 10000) in paragraph at lines 1025--1026

 []

[19]
Underfull \hbox (badness 10000) in paragraph at lines 1054--1055

 []


Underfull \hbox (badness 10000) in paragraph at lines 1058--1059

 []


Overfull \hbox (29.28357pt too wide) in paragraph at lines 1063--1080
 [] 
 []


Underfull \hbox (badness 10000) in paragraph at lines 1086--1087

 []


Overfull \hbox (39.8948pt too wide) in paragraph at lines 1091--1108
 [] 
 []


Underfull \hbox (badness 10000) in paragraph at lines 1114--1115

 []


Underfull \hbox (badness 10000) in paragraph at lines 1117--1118

 []


Underfull \hbox (badness 10000) in paragraph at lines 1120--1121

 []


Underfull \hbox (badness 10000) in paragraph at lines 1123--1124

 []


Underfull \hbox (badness 10000) in paragraph at lines 1126--1127

 []

[20]
Underfull \hbox (badness 10000) in paragraph at lines 1128--1129

 []


Underfull \hbox (badness 10000) in paragraph at lines 1140--1140

 []


Underfull \hbox (badness 10000) in paragraph at lines 1140--1140

 []


Underfull \hbox (badness 10000) in paragraph at lines 1140--1140

 []


Underfull \hbox (badness 10000) in paragraph at lines 1142--1143

 []


Underfull \hbox (badness 10000) in paragraph at lines 1154--1155

 []


Underfull \hbox (badness 10000) in paragraph at lines 1157--1160

 []


Underfull \hbox (badness 10000) in paragraph at lines 1163--1165

 []

[21]
Chapitre 4.

Underfull \hbox (badness 10000) in paragraph at lines 1177--1181

 []


Underfull \hbox (badness 10000) in paragraph at lines 1186--1187

 []


Underfull \hbox (badness 10000) in paragraph at lines 1188--1193

 []


Underfull \hbox (badness 10000) in paragraph at lines 1193--1200

 []

[22

]
Underfull \hbox (badness 10000) in paragraph at lines 1201--1206

 []


Underfull \hbox (badness 10000) in paragraph at lines 1207--1213

 []


Underfull \hbox (badness 10000) in paragraph at lines 1214--1219

 []


Underfull \hbox (badness 10000) in paragraph at lines 1220--1225

 []


Underfull \hbox (badness 10000) in paragraph at lines 1226--1228

 []


Underfull \hbox (badness 10000) in paragraph at lines 1229--1231

 []


Underfull \hbox (badness 10000) in paragraph at lines 1232--1236

 []


Underfull \hbox (badness 10000) in paragraph at lines 1246--1251

 []

[23]
Underfull \hbox (badness 10000) in paragraph at lines 1252--1257

 []


Underfull \hbox (badness 10000) in paragraph at lines 1258--1261

 []

<aborescence.png, id=120, 341.77687pt x 457.71pt>
File: aborescence.png Graphic file (type png)
<use aborescence.png>
Package pdftex.def Info: aborescence.png  used on input line 1271.
(pdftex.def)             Requested size: 187.78531pt x 251.48985pt.
<explorateur.png, id=121, 432.86719pt x 262.73157pt>
File: explorateur.png Graphic file (type png)
<use explorateur.png>
Package pdftex.def Info: explorateur.png  used on input line 1278.
(pdftex.def)             Requested size: 234.73523pt x 142.47426pt.

LaTeX Warning: `h' float specifier changed to `ht'.

<web.png, id=122, 639.89063pt x 165.61874pt>
File: web.png Graphic file (type png)
<use web.png>
Package pdftex.def Info: web.png  used on input line 1290.
(pdftex.def)             Requested size: 328.62788pt x 85.0583pt.
[24 <./aborescence.png>]
<rails_arch.png, id=127, 677.53125pt x 408.77719pt>
File: rails_arch.png Graphic file (type png)
<use rails_arch.png>
Package pdftex.def Info: rails_arch.png  used on input line 1301.
(pdftex.def)             Requested size: 234.73523pt x 141.62083pt.

Underfull \hbox (badness 10000) in paragraph at lines 1306--1310

 []

[25 <./explorateur.png> <./web.png> <./rails_arch.png>] [26]
Chapitre 5.
[27

] [28

] (./memoireM2.aux) ) 
Here is how much of TeX's memory you used:
 7808 strings out of 492649
 103770 string characters out of 6129622
 230403 words of memory out of 5000000
 11461 multiletter control sequences out of 15000+600000
 44735 words of font info for 52 fonts, out of 8000000 for 9000
 1141 hyphenation exceptions out of 8191
 41i,12n,44p,3252b,488s stack positions out of 5000i,500n,10000p,200000b,80000s
{/usr/local/texlive/2018/texmf-dist/fonts/enc/dvips/lm/lm-
mathsy.enc}{/usr/local/texlive/2018/texmf-dist/fonts/enc/dvips/lm/lm-ec.enc}</u
sr/local/texlive/2018/texmf-dist/fonts/type1/public/lm/lmbx10.pfb></usr/local/t
exlive/2018/texmf-dist/fonts/type1/public/lm/lmbx12.pfb></usr/local/texlive/201
8/texmf-dist/fonts/type1/public/lm/lmcsc10.pfb></usr/local/texlive/2018/texmf-d
ist/fonts/type1/public/lm/lmr10.pfb></usr/local/texlive/2018/texmf-dist/fonts/t
ype1/public/lm/lmssbx10.pfb></usr/local/texlive/2018/texmf-dist/fonts/type1/pub
lic/lm/lmsy10.pfb></usr/local/texlive/2018/texmf-dist/fonts/type1/public/amsfon
ts/symbols/msam10.pfb>
Output written on memoireM2.pdf (36 pages, 1243731 bytes).
PDF statistics:
 170 PDF objects out of 1000 (max. 8388607)
 104 compressed objects within 2 object streams
 0 named destinations out of 1000 (max. 500000)
 51 words of extra memory for PDF output out of 10000 (max. 10000000)

